{"/home/edgar/workspace/cylon-beaglebone/spec/helper.js":{"path":"/home/edgar/workspace/cylon-beaglebone/spec/helper.js","s":{"1":1,"2":1,"3":1,"4":1,"5":1,"6":1,"7":1,"8":1,"9":1,"10":1,"11":1,"12":1,"13":1,"14":1,"15":1,"16":5,"17":5,"18":1,"19":0,"20":0,"21":0,"22":0,"23":0,"24":0,"25":1},"b":{"1":[0,0]},"f":{"1":5,"2":0},"fnMap":{"1":{"name":"(anonymous_1)","line":23,"loc":{"start":{"line":23,"column":16},"end":{"line":23,"column":31}}},"2":{"name":"(anonymous_2)","line":30,"loc":{"start":{"line":30,"column":13},"end":{"line":30,"column":32}}}},"statementMap":{"1":{"start":{"line":5,"column":0},"end":{"line":5,"column":30}},"2":{"start":{"line":7,"column":0},"end":{"line":7,"column":27}},"3":{"start":{"line":8,"column":0},"end":{"line":8,"column":27}},"4":{"start":{"line":9,"column":0},"end":{"line":9,"column":38}},"5":{"start":{"line":11,"column":0},"end":{"line":11,"column":29}},"6":{"start":{"line":12,"column":0},"end":{"line":12,"column":45}},"7":{"start":{"line":14,"column":0},"end":{"line":14,"column":19}},"8":{"start":{"line":15,"column":0},"end":{"line":15,"column":30}},"9":{"start":{"line":16,"column":0},"end":{"line":16,"column":28}},"10":{"start":{"line":17,"column":0},"end":{"line":17,"column":28}},"11":{"start":{"line":18,"column":0},"end":{"line":18,"column":44}},"12":{"start":{"line":19,"column":0},"end":{"line":19,"column":32}},"13":{"start":{"line":20,"column":0},"end":{"line":21,"column":0}},"14":{"start":{"line":21,"column":0},"end":{"line":23,"column":0}},"15":{"start":{"line":23,"column":0},"end":{"line":27,"column":2}},"16":{"start":{"line":24,"column":2},"end":{"line":24,"column":49}},"17":{"start":{"line":26,"column":2},"end":{"line":26,"column":27}},"18":{"start":{"line":30,"column":0},"end":{"line":41,"column":2}},"19":{"start":{"line":31,"column":2},"end":{"line":40,"column":3}},"20":{"start":{"line":32,"column":4},"end":{"line":32,"column":9}},"21":{"start":{"line":33,"column":4},"end":{"line":33,"column":68}},"22":{"start":{"line":35,"column":4},"end":{"line":39,"column":5}},"23":{"start":{"line":36,"column":6},"end":{"line":36,"column":45}},"24":{"start":{"line":38,"column":6},"end":{"line":38,"column":45}},"25":{"start":{"line":43,"column":0},"end":{"line":43,"column":20}}},"branchMap":{"1":{"line":35,"type":"if","locations":[{"start":{"line":35,"column":4},"end":{"line":35,"column":4}},{"start":{"line":35,"column":4},"end":{"line":35,"column":4}}]}}},"/home/edgar/workspace/cylon-beaglebone/spec/lib/cylon-beaglebone.spec.js":{"path":"/home/edgar/workspace/cylon-beaglebone/spec/lib/cylon-beaglebone.spec.js","s":{"1":1,"2":1,"3":1,"4":1,"5":1,"6":1,"7":1,"8":1,"9":1,"10":1,"11":1},"b":{},"f":{"1":1,"2":1,"3":1,"4":1,"5":1,"6":1,"7":1},"fnMap":{"1":{"name":"(anonymous_1)","line":6,"loc":{"start":{"line":6,"column":29},"end":{"line":6,"column":40}}},"2":{"name":"(anonymous_2)","line":7,"loc":{"start":{"line":7,"column":24},"end":{"line":7,"column":35}}},"3":{"name":"(anonymous_3)","line":8,"loc":{"start":{"line":8,"column":43},"end":{"line":8,"column":54}}},"4":{"name":"(anonymous_4)","line":13,"loc":{"start":{"line":13,"column":28},"end":{"line":13,"column":39}}},"5":{"name":"(anonymous_5)","line":14,"loc":{"start":{"line":14,"column":42},"end":{"line":14,"column":53}}},"6":{"name":"(anonymous_6)","line":19,"loc":{"start":{"line":19,"column":23},"end":{"line":19,"column":34}}},"7":{"name":"(anonymous_7)","line":20,"loc":{"start":{"line":20,"column":52},"end":{"line":20,"column":63}}}},"statementMap":{"1":{"start":{"line":3,"column":0},"end":{"line":4,"column":38}},"2":{"start":{"line":6,"column":0},"end":{"line":24,"column":3}},"3":{"start":{"line":7,"column":2},"end":{"line":11,"column":5}},"4":{"start":{"line":8,"column":4},"end":{"line":10,"column":7}},"5":{"start":{"line":9,"column":6},"end":{"line":9,"column":56}},"6":{"start":{"line":13,"column":2},"end":{"line":17,"column":5}},"7":{"start":{"line":14,"column":4},"end":{"line":16,"column":7}},"8":{"start":{"line":15,"column":6},"end":{"line":15,"column":73}},"9":{"start":{"line":19,"column":2},"end":{"line":23,"column":5}},"10":{"start":{"line":20,"column":4},"end":{"line":22,"column":7}},"11":{"start":{"line":21,"column":6},"end":{"line":21,"column":65}}},"branchMap":{}},"/home/edgar/workspace/cylon-beaglebone/lib/cylon-beaglebone.js":{"path":"/home/edgar/workspace/cylon-beaglebone/lib/cylon-beaglebone.js","s":{"1":1,"2":1,"3":1},"b":{},"f":{"1":1},"fnMap":{"1":{"name":"(anonymous_1)","line":17,"loc":{"start":{"line":17,"column":11},"end":{"line":17,"column":26}}}},"statementMap":{"1":{"start":{"line":11,"column":0},"end":{"line":11,"column":38}},"2":{"start":{"line":13,"column":0},"end":{"line":20,"column":2}},"3":{"start":{"line":18,"column":4},"end":{"line":18,"column":29}}},"branchMap":{}},"/home/edgar/workspace/cylon-beaglebone/lib/beaglebone.js":{"path":"/home/edgar/workspace/cylon-beaglebone/lib/beaglebone.js","s":{"1":1,"2":1,"3":1,"4":17,"5":17,"6":17,"7":17,"8":17,"9":17,"10":1,"11":1,"12":1,"13":1,"14":1,"15":1,"16":1,"17":1,"18":1,"19":1,"20":3,"21":3,"22":3,"23":3,"24":3,"25":1,"26":1,"27":1,"28":4,"29":4,"30":4,"31":4,"32":4,"33":4,"34":4,"35":4,"36":4,"37":4,"38":1,"39":0,"40":0,"41":0,"42":0,"43":0,"44":0,"45":0,"46":0,"47":0,"48":0,"49":0,"50":1,"51":0,"52":0,"53":0,"54":0,"55":0,"56":0,"57":0,"58":0,"59":0,"60":0,"61":0,"62":1,"63":0,"64":0,"65":0,"66":0,"67":0,"68":0,"69":0,"70":0,"71":0,"72":0,"73":1,"74":0,"75":0,"76":0,"77":0,"78":1,"79":0,"80":1,"81":0,"82":0,"83":0,"84":0,"85":0,"86":1,"87":0,"88":0,"89":0,"90":0,"91":1,"92":0,"93":0,"94":0,"95":1,"96":0,"97":0,"98":0,"99":0,"100":0,"101":0,"102":1,"103":0,"104":0,"105":0,"106":0,"107":0,"108":1,"109":0,"110":0,"111":0,"112":0,"113":0,"114":1,"115":0,"116":1,"117":0,"118":1,"119":4,"120":1,"121":0,"122":0,"123":0,"124":0,"125":0,"126":0,"127":0,"128":0,"129":0,"130":0,"131":0},"b":{"1":[4,0],"2":[0,0],"3":[0,0],"4":[0,0],"5":[0,0],"6":[0,0],"7":[0,0],"8":[0,0],"9":[0,0],"10":[0,0],"11":[0,0],"12":[0,0],"13":[0,0]},"f":{"1":17,"2":1,"3":3,"4":1,"5":4,"6":4,"7":4,"8":0,"9":0,"10":0,"11":0,"12":0,"13":0,"14":0,"15":0,"16":0,"17":0,"18":0,"19":0,"20":0,"21":0,"22":0,"23":0,"24":0,"25":0,"26":0,"27":0,"28":0,"29":4,"30":0},"fnMap":{"1":{"name":"Beaglebone","line":17,"loc":{"start":{"line":17,"column":34},"end":{"line":17,"column":56}}},"2":{"name":"(anonymous_2)","line":105,"loc":{"start":{"line":105,"column":31},"end":{"line":105,"column":50}}},"3":{"name":"(anonymous_3)","line":115,"loc":{"start":{"line":115,"column":34},"end":{"line":115,"column":53}}},"4":{"name":"(anonymous_4)","line":129,"loc":{"start":{"line":129,"column":36},"end":{"line":129,"column":47}}},"5":{"name":"(anonymous_5)","line":146,"loc":{"start":{"line":146,"column":34},"end":{"line":146,"column":63}}},"6":{"name":"(anonymous_6)","line":152,"loc":{"start":{"line":152,"column":25},"end":{"line":152,"column":39}}},"7":{"name":"(anonymous_7)","line":157,"loc":{"start":{"line":157,"column":22},"end":{"line":157,"column":33}}},"8":{"name":"(anonymous_8)","line":179,"loc":{"start":{"line":179,"column":35},"end":{"line":179,"column":64}}},"9":{"name":"(anonymous_9)","line":187,"loc":{"start":{"line":187,"column":26},"end":{"line":187,"column":40}}},"10":{"name":"(anonymous_10)","line":192,"loc":{"start":{"line":192,"column":22},"end":{"line":192,"column":33}}},"11":{"name":"(anonymous_11)","line":210,"loc":{"start":{"line":210,"column":36},"end":{"line":210,"column":60}}},"12":{"name":"(anonymous_12)","line":220,"loc":{"start":{"line":220,"column":27},"end":{"line":220,"column":41}}},"13":{"name":"(anonymous_13)","line":224,"loc":{"start":{"line":224,"column":22},"end":{"line":224,"column":33}}},"14":{"name":"(anonymous_14)","line":234,"loc":{"start":{"line":234,"column":33},"end":{"line":234,"column":75}}},"15":{"name":"(anonymous_15)","line":243,"loc":{"start":{"line":243,"column":23},"end":{"line":243,"column":34}}},"16":{"name":"(anonymous_16)","line":247,"loc":{"start":{"line":247,"column":22},"end":{"line":247,"column":33}}},"17":{"name":"(anonymous_17)","line":267,"loc":{"start":{"line":267,"column":32},"end":{"line":267,"column":90}}},"18":{"name":"(anonymous_18)","line":287,"loc":{"start":{"line":287,"column":34},"end":{"line":287,"column":81}}},"19":{"name":"(anonymous_19)","line":301,"loc":{"start":{"line":301,"column":32},"end":{"line":301,"column":71}}},"20":{"name":"(anonymous_20)","line":305,"loc":{"start":{"line":305,"column":15},"end":{"line":305,"column":35}}},"21":{"name":"(anonymous_21)","line":321,"loc":{"start":{"line":321,"column":31},"end":{"line":321,"column":72}}},"22":{"name":"(anonymous_22)","line":323,"loc":{"start":{"line":323,"column":15},"end":{"line":323,"column":35}}},"23":{"name":"(anonymous_23)","line":329,"loc":{"start":{"line":329,"column":34},"end":{"line":329,"column":52}}},"24":{"name":"(anonymous_24)","line":339,"loc":{"start":{"line":339,"column":31},"end":{"line":339,"column":56}}},"25":{"name":"(anonymous_25)","line":355,"loc":{"start":{"line":355,"column":34},"end":{"line":355,"column":51}}},"26":{"name":"(anonymous_26)","line":366,"loc":{"start":{"line":366,"column":35},"end":{"line":366,"column":58}}},"27":{"name":"(anonymous_27)","line":378,"loc":{"start":{"line":378,"column":37},"end":{"line":378,"column":54}}},"28":{"name":"(anonymous_28)","line":382,"loc":{"start":{"line":382,"column":40},"end":{"line":382,"column":57}}},"29":{"name":"(anonymous_29)","line":385,"loc":{"start":{"line":385,"column":43},"end":{"line":385,"column":60}}},"30":{"name":"(anonymous_30)","line":389,"loc":{"start":{"line":389,"column":39},"end":{"line":389,"column":50}}}},"statementMap":{"1":{"start":{"line":11,"column":0},"end":{"line":13,"column":40}},"2":{"start":{"line":15,"column":0},"end":{"line":15,"column":29}},"3":{"start":{"line":17,"column":0},"end":{"line":48,"column":2}},"4":{"start":{"line":18,"column":2},"end":{"line":18,"column":58}},"5":{"start":{"line":19,"column":2},"end":{"line":19,"column":17}},"6":{"start":{"line":20,"column":2},"end":{"line":20,"column":20}},"7":{"start":{"line":21,"column":2},"end":{"line":21,"column":23}},"8":{"start":{"line":22,"column":2},"end":{"line":22,"column":23}},"9":{"start":{"line":24,"column":2},"end":{"line":47,"column":4}},"10":{"start":{"line":50,"column":0},"end":{"line":50,"column":48}},"11":{"start":{"line":52,"column":0},"end":{"line":66,"column":2}},"12":{"start":{"line":68,"column":0},"end":{"line":78,"column":2}},"13":{"start":{"line":80,"column":0},"end":{"line":88,"column":2}},"14":{"start":{"line":90,"column":0},"end":{"line":90,"column":33}},"15":{"start":{"line":92,"column":0},"end":{"line":92,"column":24}},"16":{"start":{"line":94,"column":0},"end":{"line":97,"column":2}},"17":{"start":{"line":105,"column":0},"end":{"line":107,"column":2}},"18":{"start":{"line":106,"column":2},"end":{"line":106,"column":13}},"19":{"start":{"line":115,"column":0},"end":{"line":122,"column":2}},"20":{"start":{"line":116,"column":2},"end":{"line":116,"column":50}},"21":{"start":{"line":117,"column":2},"end":{"line":117,"column":25}},"22":{"start":{"line":118,"column":2},"end":{"line":118,"column":72}},"23":{"start":{"line":119,"column":2},"end":{"line":119,"column":26}},"24":{"start":{"line":121,"column":2},"end":{"line":121,"column":13}},"25":{"start":{"line":129,"column":0},"end":{"line":131,"column":2}},"26":{"start":{"line":130,"column":2},"end":{"line":130,"column":22}},"27":{"start":{"line":146,"column":0},"end":{"line":164,"column":2}},"28":{"start":{"line":147,"column":2},"end":{"line":147,"column":10}},"29":{"start":{"line":148,"column":2},"end":{"line":148,"column":58}},"30":{"start":{"line":149,"column":2},"end":{"line":162,"column":3}},"31":{"start":{"line":150,"column":4},"end":{"line":150,"column":34}},"32":{"start":{"line":152,"column":4},"end":{"line":155,"column":18}},"33":{"start":{"line":153,"column":6},"end":{"line":153,"column":35}},"34":{"start":{"line":154,"column":6},"end":{"line":154,"column":28}},"35":{"start":{"line":157,"column":4},"end":{"line":159,"column":7}},"36":{"start":{"line":161,"column":4},"end":{"line":161,"column":18}},"37":{"start":{"line":163,"column":2},"end":{"line":163,"column":14}},"38":{"start":{"line":179,"column":0},"end":{"line":200,"column":2}},"39":{"start":{"line":180,"column":2},"end":{"line":180,"column":10}},"40":{"start":{"line":182,"column":2},"end":{"line":182,"column":46}},"41":{"start":{"line":184,"column":2},"end":{"line":197,"column":3}},"42":{"start":{"line":185,"column":4},"end":{"line":185,"column":40}},"43":{"start":{"line":187,"column":4},"end":{"line":190,"column":18}},"44":{"start":{"line":188,"column":6},"end":{"line":188,"column":36}},"45":{"start":{"line":189,"column":6},"end":{"line":189,"column":28}},"46":{"start":{"line":192,"column":4},"end":{"line":194,"column":7}},"47":{"start":{"line":193,"column":6},"end":{"line":193,"column":26}},"48":{"start":{"line":196,"column":4},"end":{"line":196,"column":18}},"49":{"start":{"line":199,"column":2},"end":{"line":199,"column":14}},"50":{"start":{"line":210,"column":0},"end":{"line":232,"column":2}},"51":{"start":{"line":211,"column":2},"end":{"line":211,"column":10}},"52":{"start":{"line":213,"column":2},"end":{"line":213,"column":46}},"53":{"start":{"line":215,"column":2},"end":{"line":229,"column":3}},"54":{"start":{"line":216,"column":4},"end":{"line":216,"column":28}},"55":{"start":{"line":218,"column":4},"end":{"line":218,"column":40}},"56":{"start":{"line":220,"column":4},"end":{"line":222,"column":18}},"57":{"start":{"line":221,"column":6},"end":{"line":221,"column":37}},"58":{"start":{"line":224,"column":4},"end":{"line":226,"column":7}},"59":{"start":{"line":225,"column":6},"end":{"line":225,"column":30}},"60":{"start":{"line":228,"column":4},"end":{"line":228,"column":18}},"61":{"start":{"line":231,"column":2},"end":{"line":231,"column":15}},"62":{"start":{"line":234,"column":0},"end":{"line":254,"column":2}},"63":{"start":{"line":235,"column":2},"end":{"line":235,"column":10}},"64":{"start":{"line":237,"column":2},"end":{"line":237,"column":37}},"65":{"start":{"line":239,"column":2},"end":{"line":253,"column":3}},"66":{"start":{"line":240,"column":4},"end":{"line":240,"column":23}},"67":{"start":{"line":243,"column":4},"end":{"line":245,"column":18}},"68":{"start":{"line":244,"column":6},"end":{"line":244,"column":37}},"69":{"start":{"line":247,"column":4},"end":{"line":250,"column":18}},"70":{"start":{"line":248,"column":6},"end":{"line":248,"column":39}},"71":{"start":{"line":249,"column":6},"end":{"line":249,"column":25}},"72":{"start":{"line":252,"column":4},"end":{"line":252,"column":18}},"73":{"start":{"line":267,"column":0},"end":{"line":275,"column":2}},"74":{"start":{"line":268,"column":2},"end":{"line":268,"column":30}},"75":{"start":{"line":270,"column":2},"end":{"line":270,"column":78}},"76":{"start":{"line":272,"column":2},"end":{"line":272,"column":33}},"77":{"start":{"line":274,"column":2},"end":{"line":274,"column":58}},"78":{"start":{"line":287,"column":0},"end":{"line":289,"column":2}},"79":{"start":{"line":288,"column":2},"end":{"line":288,"column":63}},"80":{"start":{"line":301,"column":0},"end":{"line":309,"column":2}},"81":{"start":{"line":302,"column":2},"end":{"line":302,"column":34}},"82":{"start":{"line":304,"column":2},"end":{"line":306,"column":3}},"83":{"start":{"line":305,"column":4},"end":{"line":305,"column":73}},"84":{"start":{"line":305,"column":37},"end":{"line":305,"column":70}},"85":{"start":{"line":308,"column":2},"end":{"line":308,"column":54}},"86":{"start":{"line":321,"column":0},"end":{"line":327,"column":2}},"87":{"start":{"line":322,"column":2},"end":{"line":324,"column":3}},"88":{"start":{"line":323,"column":4},"end":{"line":323,"column":73}},"89":{"start":{"line":323,"column":37},"end":{"line":323,"column":70}},"90":{"start":{"line":326,"column":2},"end":{"line":326,"column":55}},"91":{"start":{"line":329,"column":0},"end":{"line":337,"column":2}},"92":{"start":{"line":330,"column":2},"end":{"line":335,"column":3}},"93":{"start":{"line":331,"column":4},"end":{"line":334,"column":7}},"94":{"start":{"line":336,"column":2},"end":{"line":336,"column":34}},"95":{"start":{"line":339,"column":0},"end":{"line":353,"column":2}},"96":{"start":{"line":340,"column":2},"end":{"line":340,"column":22}},"97":{"start":{"line":342,"column":2},"end":{"line":342,"column":45}},"98":{"start":{"line":343,"column":2},"end":{"line":343,"column":33}},"99":{"start":{"line":345,"column":2},"end":{"line":350,"column":3}},"100":{"start":{"line":346,"column":4},"end":{"line":349,"column":7}},"101":{"start":{"line":352,"column":2},"end":{"line":352,"column":13}},"102":{"start":{"line":355,"column":0},"end":{"line":364,"column":2}},"103":{"start":{"line":356,"column":2},"end":{"line":356,"column":17}},"104":{"start":{"line":357,"column":2},"end":{"line":357,"column":48}},"105":{"start":{"line":358,"column":2},"end":{"line":362,"column":3}},"106":{"start":{"line":359,"column":4},"end":{"line":361,"column":7}},"107":{"start":{"line":363,"column":2},"end":{"line":363,"column":37}},"108":{"start":{"line":366,"column":0},"end":{"line":376,"column":2}},"109":{"start":{"line":367,"column":2},"end":{"line":367,"column":17}},"110":{"start":{"line":368,"column":2},"end":{"line":368,"column":42}},"111":{"start":{"line":369,"column":2},"end":{"line":374,"column":3}},"112":{"start":{"line":370,"column":4},"end":{"line":373,"column":7}},"113":{"start":{"line":375,"column":2},"end":{"line":375,"column":31}},"114":{"start":{"line":378,"column":0},"end":{"line":380,"column":2}},"115":{"start":{"line":379,"column":2},"end":{"line":379,"column":22}},"116":{"start":{"line":382,"column":0},"end":{"line":384,"column":2}},"117":{"start":{"line":383,"column":2},"end":{"line":383,"column":26}},"118":{"start":{"line":385,"column":0},"end":{"line":387,"column":2}},"119":{"start":{"line":386,"column":2},"end":{"line":386,"column":29}},"120":{"start":{"line":389,"column":0},"end":{"line":407,"column":2}},"121":{"start":{"line":390,"column":2},"end":{"line":390,"column":31}},"122":{"start":{"line":392,"column":2},"end":{"line":392,"column":16}},"123":{"start":{"line":393,"column":2},"end":{"line":393,"column":19}},"124":{"start":{"line":395,"column":2},"end":{"line":398,"column":3}},"125":{"start":{"line":396,"column":4},"end":{"line":396,"column":20}},"126":{"start":{"line":397,"column":4},"end":{"line":397,"column":35}},"127":{"start":{"line":400,"column":2},"end":{"line":400,"column":22}},"128":{"start":{"line":402,"column":2},"end":{"line":405,"column":3}},"129":{"start":{"line":403,"column":4},"end":{"line":403,"column":20}},"130":{"start":{"line":404,"column":4},"end":{"line":404,"column":35}},"131":{"start":{"line":406,"column":2},"end":{"line":406,"column":18}}},"branchMap":{"1":{"line":149,"type":"if","locations":[{"start":{"line":149,"column":2},"end":{"line":149,"column":2}},{"start":{"line":149,"column":2},"end":{"line":149,"column":2}}]},"2":{"line":184,"type":"if","locations":[{"start":{"line":184,"column":2},"end":{"line":184,"column":2}},{"start":{"line":184,"column":2},"end":{"line":184,"column":2}}]},"3":{"line":215,"type":"if","locations":[{"start":{"line":215,"column":2},"end":{"line":215,"column":2}},{"start":{"line":215,"column":2},"end":{"line":215,"column":2}}]},"4":{"line":239,"type":"if","locations":[{"start":{"line":239,"column":2},"end":{"line":239,"column":2}},{"start":{"line":239,"column":2},"end":{"line":239,"column":2}}]},"5":{"line":268,"type":"binary-expr","locations":[{"start":{"line":268,"column":9},"end":{"line":268,"column":13}},{"start":{"line":268,"column":17},"end":{"line":268,"column":29}}]},"6":{"line":272,"type":"binary-expr","locations":[{"start":{"line":272,"column":14},"end":{"line":272,"column":23}},{"start":{"line":272,"column":27},"end":{"line":272,"column":32}}]},"7":{"line":302,"type":"cond-expr","locations":[{"start":{"line":302,"column":24},"end":{"line":302,"column":28}},{"start":{"line":302,"column":31},"end":{"line":302,"column":33}}]},"8":{"line":304,"type":"if","locations":[{"start":{"line":304,"column":2},"end":{"line":304,"column":2}},{"start":{"line":304,"column":2},"end":{"line":304,"column":2}}]},"9":{"line":322,"type":"if","locations":[{"start":{"line":322,"column":2},"end":{"line":322,"column":2}},{"start":{"line":322,"column":2},"end":{"line":322,"column":2}}]},"10":{"line":330,"type":"if","locations":[{"start":{"line":330,"column":2},"end":{"line":330,"column":2}},{"start":{"line":330,"column":2},"end":{"line":330,"column":2}}]},"11":{"line":345,"type":"if","locations":[{"start":{"line":345,"column":2},"end":{"line":345,"column":2}},{"start":{"line":345,"column":2},"end":{"line":345,"column":2}}]},"12":{"line":358,"type":"if","locations":[{"start":{"line":358,"column":2},"end":{"line":358,"column":2}},{"start":{"line":358,"column":2},"end":{"line":358,"column":2}}]},"13":{"line":369,"type":"if","locations":[{"start":{"line":369,"column":2},"end":{"line":369,"column":2}},{"start":{"line":369,"column":2},"end":{"line":369,"column":2}}]}}},"/home/edgar/workspace/cylon-beaglebone/lib/pwm-pin.js":{"path":"/home/edgar/workspace/cylon-beaglebone/lib/pwm-pin.js","s":{"1":1,"2":1,"3":1,"4":1,"5":1,"6":1,"7":1,"8":1,"9":1,"10":1,"11":1,"12":0,"13":0,"14":0,"15":0,"16":0,"17":0,"18":0,"19":0,"20":0,"21":0,"22":0,"23":0,"24":0,"25":0,"26":0,"27":0,"28":0,"29":0,"30":0,"31":0,"32":0,"33":0,"34":0,"35":0,"36":0,"37":1,"38":0,"39":1,"40":0,"41":1,"42":0,"43":0,"44":0,"45":1,"46":0,"47":0,"48":0,"49":0,"50":0,"51":0,"52":0,"53":0,"54":1,"55":0,"56":1,"57":0,"58":0,"59":0,"60":0,"61":0,"62":0,"63":1,"64":0,"65":0,"66":0,"67":0,"68":0,"69":0,"70":0,"71":1,"72":0,"73":1,"74":0,"75":1,"76":0,"77":1,"78":0},"b":{"1":[0,0],"2":[0,0,0],"3":[0,0],"4":[0,0],"5":[0,0],"6":[0,0],"7":[0,0],"8":[0,0],"9":[0,0],"10":[0,0],"11":[0,0],"12":[0,0],"13":[0,0],"14":[0,0]},"f":{"1":1,"2":0,"3":0,"4":0,"5":0,"6":0,"7":0,"8":0,"9":0,"10":0,"11":0,"12":0,"13":0,"14":0,"15":0,"16":0,"17":0,"18":0,"19":0,"20":0,"21":0},"fnMap":{"1":{"name":"PwmPin","line":17,"loc":{"start":{"line":17,"column":30},"end":{"line":17,"column":52}}},"2":{"name":"(anonymous_2)","line":28,"loc":{"start":{"line":28,"column":27},"end":{"line":28,"column":38}}},"3":{"name":"(anonymous_3)","line":31,"loc":{"start":{"line":31,"column":19},"end":{"line":31,"column":33}}},"4":{"name":"(anonymous_4)","line":38,"loc":{"start":{"line":38,"column":39},"end":{"line":38,"column":50}}},"5":{"name":"(anonymous_5)","line":44,"loc":{"start":{"line":44,"column":20},"end":{"line":44,"column":34}}},"6":{"name":"(anonymous_6)","line":48,"loc":{"start":{"line":48,"column":73},"end":{"line":48,"column":87}}},"7":{"name":"(anonymous_7)","line":61,"loc":{"start":{"line":61,"column":61},"end":{"line":61,"column":72}}},"8":{"name":"(anonymous_8)","line":65,"loc":{"start":{"line":65,"column":35},"end":{"line":65,"column":55}}},"9":{"name":"(anonymous_9)","line":77,"loc":{"start":{"line":77,"column":25},"end":{"line":77,"column":36}}},"10":{"name":"(anonymous_10)","line":81,"loc":{"start":{"line":81,"column":29},"end":{"line":81,"column":40}}},"11":{"name":"(anonymous_11)","line":85,"loc":{"start":{"line":85,"column":36},"end":{"line":85,"column":50}}},"12":{"name":"(anonymous_12)","line":93,"loc":{"start":{"line":93,"column":28},"end":{"line":93,"column":43}}},"13":{"name":"(anonymous_13)","line":96,"loc":{"start":{"line":96,"column":61},"end":{"line":96,"column":75}}},"14":{"name":"(anonymous_14)","line":100,"loc":{"start":{"line":100,"column":61},"end":{"line":100,"column":75}}},"15":{"name":"(anonymous_15)","line":111,"loc":{"start":{"line":111,"column":30},"end":{"line":111,"column":41}}},"16":{"name":"(anonymous_16)","line":115,"loc":{"start":{"line":115,"column":27},"end":{"line":115,"column":38}}},"17":{"name":"(anonymous_17)","line":126,"loc":{"start":{"line":126,"column":27},"end":{"line":126,"column":38}}},"18":{"name":"(anonymous_18)","line":138,"loc":{"start":{"line":138,"column":28},"end":{"line":138,"column":39}}},"19":{"name":"(anonymous_19)","line":142,"loc":{"start":{"line":142,"column":31},"end":{"line":142,"column":42}}},"20":{"name":"(anonymous_20)","line":146,"loc":{"start":{"line":146,"column":29},"end":{"line":146,"column":40}}},"21":{"name":"(anonymous_21)","line":150,"loc":{"start":{"line":150,"column":33},"end":{"line":150,"column":44}}}},"statementMap":{"1":{"start":{"line":11,"column":0},"end":{"line":11,"column":29}},"2":{"start":{"line":13,"column":0},"end":{"line":13,"column":23}},"3":{"start":{"line":15,"column":0},"end":{"line":15,"column":27}},"4":{"start":{"line":17,"column":0},"end":{"line":22,"column":2}},"5":{"start":{"line":18,"column":2},"end":{"line":18,"column":25}},"6":{"start":{"line":19,"column":2},"end":{"line":19,"column":28}},"7":{"start":{"line":20,"column":2},"end":{"line":20,"column":25}},"8":{"start":{"line":21,"column":2},"end":{"line":21,"column":20}},"9":{"start":{"line":24,"column":0},"end":{"line":24,"column":34}},"10":{"start":{"line":26,"column":0},"end":{"line":26,"column":33}},"11":{"start":{"line":28,"column":0},"end":{"line":75,"column":2}},"12":{"start":{"line":29,"column":2},"end":{"line":29,"column":13}},"13":{"start":{"line":31,"column":2},"end":{"line":42,"column":16}},"14":{"start":{"line":32,"column":4},"end":{"line":32,"column":32}},"15":{"start":{"line":34,"column":4},"end":{"line":41,"column":5}},"16":{"start":{"line":35,"column":6},"end":{"line":35,"column":31}},"17":{"start":{"line":37,"column":6},"end":{"line":37,"column":34}},"18":{"start":{"line":38,"column":6},"end":{"line":40,"column":9}},"19":{"start":{"line":39,"column":8},"end":{"line":39,"column":36}},"20":{"start":{"line":44,"column":2},"end":{"line":57,"column":15}},"21":{"start":{"line":45,"column":4},"end":{"line":56,"column":5}},"22":{"start":{"line":46,"column":6},"end":{"line":46,"column":59}},"23":{"start":{"line":48,"column":6},"end":{"line":55,"column":9}},"24":{"start":{"line":49,"column":8},"end":{"line":54,"column":9}},"25":{"start":{"line":50,"column":10},"end":{"line":50,"column":32}},"26":{"start":{"line":51,"column":10},"end":{"line":51,"column":31}},"27":{"start":{"line":53,"column":10},"end":{"line":53,"column":64}},"28":{"start":{"line":59,"column":2},"end":{"line":74,"column":3}},"29":{"start":{"line":60,"column":4},"end":{"line":60,"column":26}},"30":{"start":{"line":61,"column":4},"end":{"line":63,"column":7}},"31":{"start":{"line":62,"column":6},"end":{"line":62,"column":48}},"32":{"start":{"line":65,"column":4},"end":{"line":73,"column":18}},"33":{"start":{"line":66,"column":6},"end":{"line":66,"column":52}},"34":{"start":{"line":68,"column":6},"end":{"line":72,"column":7}},"35":{"start":{"line":69,"column":8},"end":{"line":69,"column":70}},"36":{"start":{"line":71,"column":8},"end":{"line":71,"column":27}},"37":{"start":{"line":77,"column":0},"end":{"line":79,"column":2}},"38":{"start":{"line":78,"column":2},"end":{"line":78,"column":14}},"39":{"start":{"line":81,"column":0},"end":{"line":83,"column":2}},"40":{"start":{"line":82,"column":2},"end":{"line":82,"column":31}},"41":{"start":{"line":85,"column":0},"end":{"line":91,"column":2}},"42":{"start":{"line":86,"column":2},"end":{"line":90,"column":3}},"43":{"start":{"line":87,"column":4},"end":{"line":87,"column":56}},"44":{"start":{"line":89,"column":4},"end":{"line":89,"column":38}},"45":{"start":{"line":93,"column":0},"end":{"line":109,"column":2}},"46":{"start":{"line":94,"column":2},"end":{"line":94,"column":19}},"47":{"start":{"line":96,"column":2},"end":{"line":108,"column":16}},"48":{"start":{"line":97,"column":4},"end":{"line":107,"column":5}},"49":{"start":{"line":98,"column":5},"end":{"line":98,"column":29}},"50":{"start":{"line":100,"column":6},"end":{"line":106,"column":20}},"51":{"start":{"line":101,"column":8},"end":{"line":105,"column":9}},"52":{"start":{"line":102,"column":10},"end":{"line":102,"column":34}},"53":{"start":{"line":104,"column":10},"end":{"line":104,"column":38}},"54":{"start":{"line":111,"column":0},"end":{"line":113,"column":2}},"55":{"start":{"line":112,"column":2},"end":{"line":112,"column":46}},"56":{"start":{"line":115,"column":0},"end":{"line":124,"column":2}},"57":{"start":{"line":116,"column":2},"end":{"line":116,"column":10}},"58":{"start":{"line":117,"column":2},"end":{"line":122,"column":3}},"59":{"start":{"line":118,"column":4},"end":{"line":118,"column":52}},"60":{"start":{"line":119,"column":4},"end":{"line":121,"column":5}},"61":{"start":{"line":120,"column":6},"end":{"line":120,"column":49}},"62":{"start":{"line":123,"column":2},"end":{"line":123,"column":21}},"63":{"start":{"line":126,"column":0},"end":{"line":136,"column":2}},"64":{"start":{"line":127,"column":2},"end":{"line":127,"column":17}},"65":{"start":{"line":128,"column":2},"end":{"line":134,"column":3}},"66":{"start":{"line":129,"column":4},"end":{"line":129,"column":64}},"67":{"start":{"line":130,"column":4},"end":{"line":130,"column":48}},"68":{"start":{"line":131,"column":4},"end":{"line":133,"column":5}},"69":{"start":{"line":132,"column":6},"end":{"line":132,"column":54}},"70":{"start":{"line":135,"column":2},"end":{"line":135,"column":21}},"71":{"start":{"line":138,"column":0},"end":{"line":140,"column":2}},"72":{"start":{"line":139,"column":2},"end":{"line":139,"column":40}},"73":{"start":{"line":142,"column":0},"end":{"line":144,"column":2}},"74":{"start":{"line":143,"column":2},"end":{"line":143,"column":43}},"75":{"start":{"line":146,"column":0},"end":{"line":148,"column":2}},"76":{"start":{"line":147,"column":2},"end":{"line":147,"column":41}},"77":{"start":{"line":150,"column":0},"end":{"line":152,"column":2}},"78":{"start":{"line":151,"column":2},"end":{"line":151,"column":45}}},"branchMap":{"1":{"line":34,"type":"if","locations":[{"start":{"line":34,"column":4},"end":{"line":34,"column":4}},{"start":{"line":34,"column":4},"end":{"line":34,"column":4}}]},"2":{"line":34,"type":"binary-expr","locations":[{"start":{"line":34,"column":9},"end":{"line":34,"column":23}},{"start":{"line":34,"column":29},"end":{"line":34,"column":50}},{"start":{"line":34,"column":56},"end":{"line":34,"column":72}}]},"3":{"line":45,"type":"if","locations":[{"start":{"line":45,"column":4},"end":{"line":45,"column":4}},{"start":{"line":45,"column":4},"end":{"line":45,"column":4}}]},"4":{"line":49,"type":"if","locations":[{"start":{"line":49,"column":8},"end":{"line":49,"column":8}},{"start":{"line":49,"column":8},"end":{"line":49,"column":8}}]},"5":{"line":59,"type":"if","locations":[{"start":{"line":59,"column":2},"end":{"line":59,"column":2}},{"start":{"line":59,"column":2},"end":{"line":59,"column":2}}]},"6":{"line":59,"type":"binary-expr","locations":[{"start":{"line":59,"column":6},"end":{"line":59,"column":20}},{"start":{"line":59,"column":24},"end":{"line":59,"column":38}}]},"7":{"line":68,"type":"if","locations":[{"start":{"line":68,"column":6},"end":{"line":68,"column":6}},{"start":{"line":68,"column":6},"end":{"line":68,"column":6}}]},"8":{"line":86,"type":"if","locations":[{"start":{"line":86,"column":2},"end":{"line":86,"column":2}},{"start":{"line":86,"column":2},"end":{"line":86,"column":2}}]},"9":{"line":97,"type":"if","locations":[{"start":{"line":97,"column":4},"end":{"line":97,"column":4}},{"start":{"line":97,"column":4},"end":{"line":97,"column":4}}]},"10":{"line":101,"type":"if","locations":[{"start":{"line":101,"column":8},"end":{"line":101,"column":8}},{"start":{"line":101,"column":8},"end":{"line":101,"column":8}}]},"11":{"line":117,"type":"if","locations":[{"start":{"line":117,"column":2},"end":{"line":117,"column":2}},{"start":{"line":117,"column":2},"end":{"line":117,"column":2}}]},"12":{"line":119,"type":"if","locations":[{"start":{"line":119,"column":4},"end":{"line":119,"column":4}},{"start":{"line":119,"column":4},"end":{"line":119,"column":4}}]},"13":{"line":128,"type":"if","locations":[{"start":{"line":128,"column":2},"end":{"line":128,"column":2}},{"start":{"line":128,"column":2},"end":{"line":128,"column":2}}]},"14":{"line":131,"type":"if","locations":[{"start":{"line":131,"column":4},"end":{"line":131,"column":4}},{"start":{"line":131,"column":4},"end":{"line":131,"column":4}}]}}},"/home/edgar/workspace/cylon-beaglebone/lib/pin.js":{"path":"/home/edgar/workspace/cylon-beaglebone/lib/pin.js","s":{"1":1,"2":1,"3":1,"4":1,"5":1,"6":1,"7":0,"8":0,"9":0,"10":0,"11":0,"12":0,"13":0,"14":1,"15":0,"16":0,"17":0,"18":0,"19":0},"b":{"1":[0,0],"2":[0,0],"3":[0,0]},"f":{"1":0,"2":0,"3":0},"fnMap":{"1":{"name":"Pin","line":10,"loc":{"start":{"line":10,"column":27},"end":{"line":10,"column":42}}},"2":{"name":"(anonymous_2)","line":15,"loc":{"start":{"line":15,"column":26},"end":{"line":15,"column":55}}},"3":{"name":"(anonymous_3)","line":31,"loc":{"start":{"line":31,"column":28},"end":{"line":31,"column":39}}}},"statementMap":{"1":{"start":{"line":3,"column":0},"end":{"line":4,"column":50}},"2":{"start":{"line":6,"column":0},"end":{"line":6,"column":29}},"3":{"start":{"line":8,"column":0},"end":{"line":8,"column":33}},"4":{"start":{"line":10,"column":0},"end":{"line":11,"column":2}},"5":{"start":{"line":13,"column":0},"end":{"line":13,"column":40}},"6":{"start":{"line":15,"column":0},"end":{"line":29,"column":2}},"7":{"start":{"line":16,"column":2},"end":{"line":17,"column":18}},"8":{"start":{"line":19,"column":2},"end":{"line":26,"column":3}},"9":{"start":{"line":20,"column":4},"end":{"line":20,"column":38}},"10":{"start":{"line":22,"column":4},"end":{"line":25,"column":5}},"11":{"start":{"line":23,"column":6},"end":{"line":23,"column":18}},"12":{"start":{"line":24,"column":6},"end":{"line":24,"column":12}},"13":{"start":{"line":28,"column":2},"end":{"line":28,"column":14}},"14":{"start":{"line":31,"column":0},"end":{"line":40,"column":2}},"15":{"start":{"line":32,"column":2},"end":{"line":37,"column":3}},"16":{"start":{"line":33,"column":4},"end":{"line":33,"column":69}},"17":{"start":{"line":34,"column":4},"end":{"line":36,"column":5}},"18":{"start":{"line":35,"column":6},"end":{"line":35,"column":57}},"19":{"start":{"line":39,"column":2},"end":{"line":39,"column":25}}},"branchMap":{"1":{"line":22,"type":"if","locations":[{"start":{"line":22,"column":4},"end":{"line":22,"column":4}},{"start":{"line":22,"column":4},"end":{"line":22,"column":4}}]},"2":{"line":32,"type":"if","locations":[{"start":{"line":32,"column":2},"end":{"line":32,"column":2}},{"start":{"line":32,"column":2},"end":{"line":32,"column":2}}]},"3":{"line":34,"type":"if","locations":[{"start":{"line":34,"column":4},"end":{"line":34,"column":4}},{"start":{"line":34,"column":4},"end":{"line":34,"column":4}}]}}},"/home/edgar/workspace/cylon-beaglebone/lib/i2c-device.js":{"path":"/home/edgar/workspace/cylon-beaglebone/lib/i2c-device.js","s":{"1":1,"2":1,"3":1,"4":1,"5":1,"6":1,"7":1,"8":1,"9":1,"10":1,"11":0,"12":1,"13":0,"14":1,"15":0,"16":1,"17":0},"b":{},"f":{"1":1,"2":0,"3":0,"4":0,"5":0,"6":0,"7":0},"fnMap":{"1":{"name":"(anonymous_1)","line":16,"loc":{"start":{"line":16,"column":33},"end":{"line":16,"column":48}}},"2":{"name":"(anonymous_2)","line":26,"loc":{"start":{"line":26,"column":30},"end":{"line":26,"column":41}}},"3":{"name":"(anonymous_3)","line":28,"loc":{"start":{"line":28,"column":33},"end":{"line":28,"column":44}}},"4":{"name":"(anonymous_4)","line":30,"loc":{"start":{"line":30,"column":28},"end":{"line":30,"column":58}}},"5":{"name":"(anonymous_5)","line":34,"loc":{"start":{"line":34,"column":27},"end":{"line":34,"column":59}}},"6":{"name":"(anonymous_6)","line":38,"loc":{"start":{"line":38,"column":32},"end":{"line":38,"column":57}}},"7":{"name":"(anonymous_7)","line":42,"loc":{"start":{"line":42,"column":31},"end":{"line":42,"column":50}}}},"statementMap":{"1":{"start":{"line":11,"column":0},"end":{"line":11,"column":29}},"2":{"start":{"line":13,"column":0},"end":{"line":14,"column":25}},"3":{"start":{"line":16,"column":0},"end":{"line":22,"column":2}},"4":{"start":{"line":17,"column":2},"end":{"line":17,"column":30}},"5":{"start":{"line":18,"column":2},"end":{"line":18,"column":40}},"6":{"start":{"line":19,"column":2},"end":{"line":21,"column":5}},"7":{"start":{"line":24,"column":0},"end":{"line":24,"column":46}},"8":{"start":{"line":26,"column":0},"end":{"line":26,"column":44}},"9":{"start":{"line":28,"column":0},"end":{"line":28,"column":47}},"10":{"start":{"line":30,"column":0},"end":{"line":32,"column":2}},"11":{"start":{"line":31,"column":2},"end":{"line":31,"column":47}},"12":{"start":{"line":34,"column":0},"end":{"line":36,"column":2}},"13":{"start":{"line":35,"column":2},"end":{"line":35,"column":55}},"14":{"start":{"line":38,"column":0},"end":{"line":40,"column":2}},"15":{"start":{"line":39,"column":2},"end":{"line":39,"column":41}},"16":{"start":{"line":42,"column":0},"end":{"line":44,"column":2}},"17":{"start":{"line":43,"column":2},"end":{"line":43,"column":41}}},"branchMap":{}},"/home/edgar/workspace/cylon-beaglebone/lib/analog-pin.js":{"path":"/home/edgar/workspace/cylon-beaglebone/lib/analog-pin.js","s":{"1":1,"2":1,"3":1,"4":1,"5":1,"6":0,"7":0,"8":1,"9":1,"10":0,"11":0,"12":0,"13":1,"14":0,"15":1,"16":0,"17":1,"18":0,"19":0,"20":0,"21":0,"22":0,"23":0,"24":0,"25":0,"26":1,"27":0,"28":1,"29":0,"30":0,"31":0,"32":0,"33":0,"34":0,"35":1,"36":0,"37":0,"38":0,"39":0,"40":0,"41":0,"42":1,"43":0,"44":0,"45":0},"b":{"1":[0,0],"2":[0,0],"3":[0,0],"4":[0,0],"5":[0,0],"6":[0,0]},"f":{"1":0,"2":0,"3":0,"4":0,"5":0,"6":0,"7":0,"8":0,"9":0,"10":0,"11":0},"fnMap":{"1":{"name":"AnalogPin","line":19,"loc":{"start":{"line":19,"column":33},"end":{"line":19,"column":58}}},"2":{"name":"(anonymous_2)","line":26,"loc":{"start":{"line":26,"column":30},"end":{"line":26,"column":41}}},"3":{"name":"(anonymous_3)","line":35,"loc":{"start":{"line":35,"column":28},"end":{"line":35,"column":39}}},"4":{"name":"(anonymous_4)","line":39,"loc":{"start":{"line":39,"column":32},"end":{"line":39,"column":43}}},"5":{"name":"(anonymous_5)","line":43,"loc":{"start":{"line":43,"column":33},"end":{"line":43,"column":44}}},"6":{"name":"(anonymous_6)","line":44,"loc":{"start":{"line":44,"column":24},"end":{"line":44,"column":35}}},"7":{"name":"(anonymous_7)","line":45,"loc":{"start":{"line":45,"column":55},"end":{"line":45,"column":75}}},"8":{"name":"(anonymous_8)","line":59,"loc":{"start":{"line":59,"column":33},"end":{"line":59,"column":44}}},"9":{"name":"(anonymous_9)","line":63,"loc":{"start":{"line":63,"column":30},"end":{"line":63,"column":41}}},"10":{"name":"(anonymous_10)","line":74,"loc":{"start":{"line":74,"column":33},"end":{"line":74,"column":44}}},"11":{"name":"(anonymous_11)","line":85,"loc":{"start":{"line":85,"column":39},"end":{"line":85,"column":53}}}},"statementMap":{"1":{"start":{"line":11,"column":0},"end":{"line":11,"column":29}},"2":{"start":{"line":13,"column":0},"end":{"line":13,"column":23}},"3":{"start":{"line":15,"column":0},"end":{"line":15,"column":27}},"4":{"start":{"line":17,"column":0},"end":{"line":17,"column":33}},"5":{"start":{"line":19,"column":0},"end":{"line":22,"column":2}},"6":{"start":{"line":20,"column":2},"end":{"line":20,"column":25}},"7":{"start":{"line":21,"column":2},"end":{"line":21,"column":21}},"8":{"start":{"line":24,"column":0},"end":{"line":24,"column":37}},"9":{"start":{"line":26,"column":0},"end":{"line":33,"column":2}},"10":{"start":{"line":27,"column":2},"end":{"line":31,"column":3}},"11":{"start":{"line":28,"column":4},"end":{"line":28,"column":60}},"12":{"start":{"line":32,"column":2},"end":{"line":32,"column":23}},"13":{"start":{"line":35,"column":0},"end":{"line":37,"column":2}},"14":{"start":{"line":36,"column":2},"end":{"line":36,"column":14}},"15":{"start":{"line":39,"column":0},"end":{"line":41,"column":2}},"16":{"start":{"line":40,"column":2},"end":{"line":40,"column":31}},"17":{"start":{"line":43,"column":0},"end":{"line":57,"column":2}},"18":{"start":{"line":44,"column":2},"end":{"line":54,"column":16}},"19":{"start":{"line":45,"column":4},"end":{"line":53,"column":18}},"20":{"start":{"line":46,"column":6},"end":{"line":52,"column":7}},"21":{"start":{"line":47,"column":8},"end":{"line":47,"column":75}},"22":{"start":{"line":48,"column":8},"end":{"line":48,"column":34}},"23":{"start":{"line":50,"column":8},"end":{"line":50,"column":49}},"24":{"start":{"line":51,"column":8},"end":{"line":51,"column":42}},"25":{"start":{"line":56,"column":2},"end":{"line":56,"column":14}},"26":{"start":{"line":59,"column":0},"end":{"line":61,"column":2}},"27":{"start":{"line":60,"column":2},"end":{"line":60,"column":46}},"28":{"start":{"line":63,"column":0},"end":{"line":72,"column":2}},"29":{"start":{"line":64,"column":2},"end":{"line":64,"column":10}},"30":{"start":{"line":65,"column":2},"end":{"line":70,"column":3}},"31":{"start":{"line":66,"column":4},"end":{"line":66,"column":52}},"32":{"start":{"line":67,"column":4},"end":{"line":69,"column":5}},"33":{"start":{"line":68,"column":6},"end":{"line":68,"column":49}},"34":{"start":{"line":71,"column":2},"end":{"line":71,"column":21}},"35":{"start":{"line":74,"column":0},"end":{"line":83,"column":2}},"36":{"start":{"line":75,"column":2},"end":{"line":75,"column":13}},"37":{"start":{"line":76,"column":2},"end":{"line":81,"column":3}},"38":{"start":{"line":77,"column":4},"end":{"line":77,"column":61}},"39":{"start":{"line":78,"column":4},"end":{"line":80,"column":5}},"40":{"start":{"line":79,"column":6},"end":{"line":79,"column":58}},"41":{"start":{"line":82,"column":2},"end":{"line":82,"column":24}},"42":{"start":{"line":85,"column":0},"end":{"line":91,"column":2}},"43":{"start":{"line":86,"column":2},"end":{"line":90,"column":3}},"44":{"start":{"line":87,"column":4},"end":{"line":87,"column":56}},"45":{"start":{"line":89,"column":4},"end":{"line":89,"column":38}}},"branchMap":{"1":{"line":46,"type":"if","locations":[{"start":{"line":46,"column":6},"end":{"line":46,"column":6}},{"start":{"line":46,"column":6},"end":{"line":46,"column":6}}]},"2":{"line":65,"type":"if","locations":[{"start":{"line":65,"column":2},"end":{"line":65,"column":2}},{"start":{"line":65,"column":2},"end":{"line":65,"column":2}}]},"3":{"line":67,"type":"if","locations":[{"start":{"line":67,"column":4},"end":{"line":67,"column":4}},{"start":{"line":67,"column":4},"end":{"line":67,"column":4}}]},"4":{"line":76,"type":"if","locations":[{"start":{"line":76,"column":2},"end":{"line":76,"column":2}},{"start":{"line":76,"column":2},"end":{"line":76,"column":2}}]},"5":{"line":78,"type":"if","locations":[{"start":{"line":78,"column":4},"end":{"line":78,"column":4}},{"start":{"line":78,"column":4},"end":{"line":78,"column":4}}]},"6":{"line":86,"type":"if","locations":[{"start":{"line":86,"column":2},"end":{"line":86,"column":2}},{"start":{"line":86,"column":2},"end":{"line":86,"column":2}}]}}},"/home/edgar/workspace/cylon-beaglebone/spec/lib/beaglebone.spec.js":{"path":"/home/edgar/workspace/cylon-beaglebone/spec/lib/beaglebone.spec.js","s":{"1":1,"2":1,"3":1,"4":1,"5":16,"6":1,"7":1,"8":1,"9":1,"10":1,"11":1,"12":1,"13":1,"14":1,"15":1,"16":1,"17":1,"18":1,"19":1,"20":1,"21":1,"22":1,"23":9,"24":1,"25":1,"26":1,"27":1,"28":1,"29":9,"30":9,"31":1,"32":1,"33":1,"34":1,"35":1,"36":1,"37":1,"38":1,"39":3,"40":3,"41":3,"42":3,"43":1,"44":1,"45":1,"46":1,"47":1,"48":1,"49":1,"50":1,"51":1,"52":1,"53":1,"54":1,"55":1,"56":1,"57":4,"58":4,"59":4,"60":4,"61":4,"62":4,"63":1,"64":4,"65":4,"66":1,"67":1,"68":1,"69":1,"70":1,"71":1,"72":1,"73":1},"b":{},"f":{"1":1,"2":16,"3":1,"4":1,"5":1,"6":1,"7":1,"8":1,"9":1,"10":1,"11":1,"12":1,"13":1,"14":1,"15":3,"16":1,"17":1,"18":1,"19":1,"20":1,"21":1,"22":4,"23":4,"24":1,"25":1,"26":1,"27":1},"fnMap":{"1":{"name":"(anonymous_1)","line":5,"loc":{"start":{"line":5,"column":38},"end":{"line":5,"column":49}}},"2":{"name":"(anonymous_2)","line":8,"loc":{"start":{"line":8,"column":13},"end":{"line":8,"column":23}}},"3":{"name":"(anonymous_3)","line":12,"loc":{"start":{"line":12,"column":26},"end":{"line":12,"column":37}}},"4":{"name":"(anonymous_4)","line":13,"loc":{"start":{"line":13,"column":39},"end":{"line":13,"column":49}}},"5":{"name":"(anonymous_5)","line":17,"loc":{"start":{"line":17,"column":42},"end":{"line":17,"column":52}}},"6":{"name":"(anonymous_6)","line":21,"loc":{"start":{"line":21,"column":45},"end":{"line":21,"column":55}}},"7":{"name":"(anonymous_7)","line":25,"loc":{"start":{"line":25,"column":45},"end":{"line":25,"column":55}}},"8":{"name":"(anonymous_8)","line":29,"loc":{"start":{"line":29,"column":39},"end":{"line":29,"column":49}}},"9":{"name":"(anonymous_9)","line":36,"loc":{"start":{"line":36,"column":24},"end":{"line":36,"column":35}}},"10":{"name":"(anonymous_10)","line":37,"loc":{"start":{"line":37,"column":53},"end":{"line":37,"column":64}}},"11":{"name":"(anonymous_11)","line":47,"loc":{"start":{"line":47,"column":48},"end":{"line":47,"column":59}}},"12":{"name":"(anonymous_12)","line":63,"loc":{"start":{"line":63,"column":23},"end":{"line":63,"column":34}}},"13":{"name":"(anonymous_13)","line":64,"loc":{"start":{"line":64,"column":32},"end":{"line":64,"column":43}}},"14":{"name":"(anonymous_14)","line":73,"loc":{"start":{"line":73,"column":26},"end":{"line":73,"column":37}}},"15":{"name":"(anonymous_15)","line":76,"loc":{"start":{"line":76,"column":15},"end":{"line":76,"column":26}}},"16":{"name":"(anonymous_16)","line":85,"loc":{"start":{"line":85,"column":32},"end":{"line":85,"column":43}}},"17":{"name":"(anonymous_17)","line":89,"loc":{"start":{"line":89,"column":59},"end":{"line":89,"column":70}}},"18":{"name":"(anonymous_18)","line":93,"loc":{"start":{"line":93,"column":37},"end":{"line":93,"column":48}}},"19":{"name":"(anonymous_19)","line":98,"loc":{"start":{"line":98,"column":28},"end":{"line":98,"column":39}}},"20":{"name":"(anonymous_20)","line":99,"loc":{"start":{"line":99,"column":48},"end":{"line":99,"column":59}}},"21":{"name":"(anonymous_21)","line":106,"loc":{"start":{"line":106,"column":26},"end":{"line":106,"column":37}}},"22":{"name":"(anonymous_22)","line":109,"loc":{"start":{"line":109,"column":15},"end":{"line":109,"column":26}}},"23":{"name":"(anonymous_23)","line":126,"loc":{"start":{"line":126,"column":14},"end":{"line":126,"column":25}}},"24":{"name":"(anonymous_24)","line":131,"loc":{"start":{"line":131,"column":32},"end":{"line":131,"column":43}}},"25":{"name":"(anonymous_25)","line":136,"loc":{"start":{"line":136,"column":37},"end":{"line":136,"column":48}}},"26":{"name":"(anonymous_26)","line":140,"loc":{"start":{"line":140,"column":34},"end":{"line":140,"column":45}}},"27":{"name":"(anonymous_27)","line":144,"loc":{"start":{"line":144,"column":34},"end":{"line":144,"column":45}}}},"statementMap":{"1":{"start":{"line":3,"column":0},"end":{"line":3,"column":38}},"2":{"start":{"line":5,"column":0},"end":{"line":148,"column":3}},"3":{"start":{"line":6,"column":2},"end":{"line":6,"column":17}},"4":{"start":{"line":8,"column":2},"end":{"line":10,"column":5}},"5":{"start":{"line":9,"column":4},"end":{"line":9,"column":34}},"6":{"start":{"line":12,"column":2},"end":{"line":34,"column":5}},"7":{"start":{"line":13,"column":4},"end":{"line":15,"column":7}},"8":{"start":{"line":14,"column":6},"end":{"line":14,"column":44}},"9":{"start":{"line":17,"column":4},"end":{"line":19,"column":7}},"10":{"start":{"line":18,"column":6},"end":{"line":18,"column":47}},"11":{"start":{"line":21,"column":4},"end":{"line":23,"column":7}},"12":{"start":{"line":22,"column":6},"end":{"line":22,"column":50}},"13":{"start":{"line":25,"column":4},"end":{"line":27,"column":7}},"14":{"start":{"line":26,"column":6},"end":{"line":26,"column":50}},"15":{"start":{"line":29,"column":4},"end":{"line":33,"column":7}},"16":{"start":{"line":30,"column":6},"end":{"line":30,"column":65}},"17":{"start":{"line":32,"column":6},"end":{"line":32,"column":50}},"18":{"start":{"line":36,"column":2},"end":{"line":61,"column":5}},"19":{"start":{"line":37,"column":4},"end":{"line":45,"column":7}},"20":{"start":{"line":38,"column":6},"end":{"line":38,"column":41}},"21":{"start":{"line":40,"column":6},"end":{"line":40,"column":40}},"22":{"start":{"line":42,"column":6},"end":{"line":44,"column":7}},"23":{"start":{"line":43,"column":8},"end":{"line":43,"column":46}},"24":{"start":{"line":47,"column":4},"end":{"line":60,"column":7}},"25":{"start":{"line":48,"column":6},"end":{"line":51,"column":8}},"26":{"start":{"line":53,"column":6},"end":{"line":53,"column":41}},"27":{"start":{"line":54,"column":6},"end":{"line":54,"column":16}},"28":{"start":{"line":56,"column":6},"end":{"line":59,"column":7}},"29":{"start":{"line":57,"column":8},"end":{"line":57,"column":46}},"30":{"start":{"line":58,"column":8},"end":{"line":58,"column":55}},"31":{"start":{"line":63,"column":2},"end":{"line":71,"column":5}},"32":{"start":{"line":64,"column":4},"end":{"line":70,"column":7}},"33":{"start":{"line":65,"column":6},"end":{"line":65,"column":27}},"34":{"start":{"line":67,"column":6},"end":{"line":67,"column":35}},"35":{"start":{"line":69,"column":6},"end":{"line":69,"column":40}},"36":{"start":{"line":73,"column":2},"end":{"line":96,"column":5}},"37":{"start":{"line":74,"column":4},"end":{"line":74,"column":17}},"38":{"start":{"line":76,"column":4},"end":{"line":83,"column":7}},"39":{"start":{"line":77,"column":6},"end":{"line":77,"column":23}},"40":{"start":{"line":79,"column":6},"end":{"line":79,"column":42}},"41":{"start":{"line":80,"column":6},"end":{"line":80,"column":31}},"42":{"start":{"line":82,"column":6},"end":{"line":82,"column":38}},"43":{"start":{"line":85,"column":4},"end":{"line":87,"column":7}},"44":{"start":{"line":86,"column":6},"end":{"line":86,"column":40}},"45":{"start":{"line":89,"column":4},"end":{"line":91,"column":7}},"46":{"start":{"line":90,"column":6},"end":{"line":90,"column":58}},"47":{"start":{"line":93,"column":4},"end":{"line":95,"column":7}},"48":{"start":{"line":94,"column":6},"end":{"line":94,"column":61}},"49":{"start":{"line":98,"column":2},"end":{"line":104,"column":5}},"50":{"start":{"line":99,"column":4},"end":{"line":103,"column":7}},"51":{"start":{"line":100,"column":6},"end":{"line":100,"column":38}},"52":{"start":{"line":101,"column":6},"end":{"line":101,"column":32}},"53":{"start":{"line":102,"column":6},"end":{"line":102,"column":61}},"54":{"start":{"line":106,"column":2},"end":{"line":147,"column":5}},"55":{"start":{"line":107,"column":4},"end":{"line":107,"column":28}},"56":{"start":{"line":109,"column":4},"end":{"line":124,"column":7}},"57":{"start":{"line":110,"column":6},"end":{"line":114,"column":8}},"58":{"start":{"line":116,"column":6},"end":{"line":116,"column":23}},"59":{"start":{"line":118,"column":6},"end":{"line":118,"column":56}},"60":{"start":{"line":119,"column":6},"end":{"line":119,"column":31}},"61":{"start":{"line":121,"column":6},"end":{"line":121,"column":31}},"62":{"start":{"line":123,"column":6},"end":{"line":123,"column":47}},"63":{"start":{"line":126,"column":4},"end":{"line":129,"column":7}},"64":{"start":{"line":127,"column":6},"end":{"line":127,"column":32}},"65":{"start":{"line":128,"column":6},"end":{"line":128,"column":38}},"66":{"start":{"line":131,"column":4},"end":{"line":133,"column":7}},"67":{"start":{"line":132,"column":6},"end":{"line":132,"column":51}},"68":{"start":{"line":136,"column":4},"end":{"line":138,"column":7}},"69":{"start":{"line":137,"column":6},"end":{"line":137,"column":66}},"70":{"start":{"line":140,"column":4},"end":{"line":142,"column":7}},"71":{"start":{"line":141,"column":6},"end":{"line":141,"column":49}},"72":{"start":{"line":144,"column":4},"end":{"line":146,"column":7}},"73":{"start":{"line":145,"column":6},"end":{"line":145,"column":52}}},"branchMap":{}},"/home/edgar/workspace/cylon-beaglebone/spec/lib/pwm-pin.spec.js":{"path":"/home/edgar/workspace/cylon-beaglebone/spec/lib/pwm-pin.spec.js","s":{"1":1,"2":1,"3":1,"4":1},"b":{},"f":{"1":1},"fnMap":{"1":{"name":"(anonymous_1)","line":5,"loc":{"start":{"line":5,"column":19},"end":{"line":5,"column":30}}}},"statementMap":{"1":{"start":{"line":3,"column":0},"end":{"line":3,"column":31}},"2":{"start":{"line":5,"column":0},"end":{"line":9,"column":3}},"3":{"start":{"line":6,"column":2},"end":{"line":6,"column":27}},"4":{"start":{"line":8,"column":2},"end":{"line":8,"column":20}}},"branchMap":{}},"/home/edgar/workspace/cylon-beaglebone/spec/lib/i2c-device.spec.js":{"path":"/home/edgar/workspace/cylon-beaglebone/spec/lib/i2c-device.spec.js","s":{"1":1,"2":1,"3":1,"4":1},"b":{},"f":{"1":1},"fnMap":{"1":{"name":"(anonymous_1)","line":5,"loc":{"start":{"line":5,"column":22},"end":{"line":5,"column":33}}}},"statementMap":{"1":{"start":{"line":3,"column":0},"end":{"line":3,"column":37}},"2":{"start":{"line":5,"column":0},"end":{"line":9,"column":3}},"3":{"start":{"line":6,"column":2},"end":{"line":6,"column":33}},"4":{"start":{"line":8,"column":2},"end":{"line":8,"column":20}}},"branchMap":{}}}