TN:
SF:/home/edgar/workspace/cylon-beaglebone/spec/helper.js
FN:23,(anonymous_1)
FN:30,(anonymous_2)
FNF:2
FNH:1
FNDA:5,(anonymous_1)
FNDA:0,(anonymous_2)
DA:5,1
DA:7,1
DA:8,1
DA:9,1
DA:11,1
DA:12,1
DA:14,1
DA:15,1
DA:16,1
DA:17,1
DA:18,1
DA:19,1
DA:20,1
DA:21,1
DA:23,1
DA:24,5
DA:26,5
DA:30,1
DA:31,0
DA:32,0
DA:33,0
DA:35,0
DA:36,0
DA:38,0
DA:43,1
LF:25
LH:19
BRDA:35,1,0,0
BRDA:35,1,1,0
BRF:2
BRH:0
end_of_record
TN:
SF:/home/edgar/workspace/cylon-beaglebone/spec/lib/cylon-beaglebone.spec.js
FN:6,(anonymous_1)
FN:7,(anonymous_2)
FN:8,(anonymous_3)
FN:13,(anonymous_4)
FN:14,(anonymous_5)
FN:19,(anonymous_6)
FN:20,(anonymous_7)
FNF:7
FNH:7
FNDA:1,(anonymous_1)
FNDA:1,(anonymous_2)
FNDA:1,(anonymous_3)
FNDA:1,(anonymous_4)
FNDA:1,(anonymous_5)
FNDA:1,(anonymous_6)
FNDA:1,(anonymous_7)
DA:3,1
DA:6,1
DA:7,1
DA:8,1
DA:9,1
DA:13,1
DA:14,1
DA:15,1
DA:19,1
DA:20,1
DA:21,1
LF:11
LH:11
BRF:0
BRH:0
end_of_record
TN:
SF:/home/edgar/workspace/cylon-beaglebone/lib/cylon-beaglebone.js
FN:17,(anonymous_1)
FNF:1
FNH:1
FNDA:1,(anonymous_1)
DA:11,1
DA:13,1
DA:18,1
LF:3
LH:3
BRF:0
BRH:0
end_of_record
TN:
SF:/home/edgar/workspace/cylon-beaglebone/lib/beaglebone.js
FN:17,Beaglebone
FN:105,(anonymous_2)
FN:115,(anonymous_3)
FN:129,(anonymous_4)
FN:146,(anonymous_5)
FN:152,(anonymous_6)
FN:157,(anonymous_7)
FN:179,(anonymous_8)
FN:187,(anonymous_9)
FN:192,(anonymous_10)
FN:210,(anonymous_11)
FN:220,(anonymous_12)
FN:224,(anonymous_13)
FN:234,(anonymous_14)
FN:243,(anonymous_15)
FN:247,(anonymous_16)
FN:267,(anonymous_17)
FN:287,(anonymous_18)
FN:301,(anonymous_19)
FN:305,(anonymous_20)
FN:321,(anonymous_21)
FN:323,(anonymous_22)
FN:329,(anonymous_23)
FN:339,(anonymous_24)
FN:355,(anonymous_25)
FN:366,(anonymous_26)
FN:378,(anonymous_27)
FN:382,(anonymous_28)
FN:385,(anonymous_29)
FN:389,(anonymous_30)
FNF:30
FNH:8
FNDA:17,Beaglebone
FNDA:1,(anonymous_2)
FNDA:3,(anonymous_3)
FNDA:1,(anonymous_4)
FNDA:4,(anonymous_5)
FNDA:4,(anonymous_6)
FNDA:4,(anonymous_7)
FNDA:0,(anonymous_8)
FNDA:0,(anonymous_9)
FNDA:0,(anonymous_10)
FNDA:0,(anonymous_11)
FNDA:0,(anonymous_12)
FNDA:0,(anonymous_13)
FNDA:0,(anonymous_14)
FNDA:0,(anonymous_15)
FNDA:0,(anonymous_16)
FNDA:0,(anonymous_17)
FNDA:0,(anonymous_18)
FNDA:0,(anonymous_19)
FNDA:0,(anonymous_20)
FNDA:0,(anonymous_21)
FNDA:0,(anonymous_22)
FNDA:0,(anonymous_23)
FNDA:0,(anonymous_24)
FNDA:0,(anonymous_25)
FNDA:0,(anonymous_26)
FNDA:0,(anonymous_27)
FNDA:0,(anonymous_28)
FNDA:4,(anonymous_29)
FNDA:0,(anonymous_30)
DA:11,1
DA:15,1
DA:17,1
DA:18,17
DA:19,17
DA:20,17
DA:21,17
DA:22,17
DA:24,17
DA:50,1
DA:52,1
DA:68,1
DA:80,1
DA:90,1
DA:92,1
DA:94,1
DA:105,1
DA:106,1
DA:115,1
DA:116,3
DA:117,3
DA:118,3
DA:119,3
DA:121,3
DA:129,1
DA:130,1
DA:146,1
DA:147,4
DA:148,4
DA:149,4
DA:150,4
DA:152,4
DA:153,4
DA:154,4
DA:157,4
DA:161,4
DA:163,4
DA:179,1
DA:180,0
DA:182,0
DA:184,0
DA:185,0
DA:187,0
DA:188,0
DA:189,0
DA:192,0
DA:193,0
DA:196,0
DA:199,0
DA:210,1
DA:211,0
DA:213,0
DA:215,0
DA:216,0
DA:218,0
DA:220,0
DA:221,0
DA:224,0
DA:225,0
DA:228,0
DA:231,0
DA:234,1
DA:235,0
DA:237,0
DA:239,0
DA:240,0
DA:243,0
DA:244,0
DA:247,0
DA:248,0
DA:249,0
DA:252,0
DA:267,1
DA:268,0
DA:270,0
DA:272,0
DA:274,0
DA:287,1
DA:288,0
DA:301,1
DA:302,0
DA:304,0
DA:305,0
DA:308,0
DA:321,1
DA:322,0
DA:323,0
DA:326,0
DA:329,1
DA:330,0
DA:331,0
DA:336,0
DA:339,1
DA:340,0
DA:342,0
DA:343,0
DA:345,0
DA:346,0
DA:352,0
DA:355,1
DA:356,0
DA:357,0
DA:358,0
DA:359,0
DA:363,0
DA:366,1
DA:367,0
DA:368,0
DA:369,0
DA:370,0
DA:375,0
DA:378,1
DA:379,0
DA:382,1
DA:383,0
DA:385,1
DA:386,4
DA:389,1
DA:390,0
DA:392,0
DA:393,0
DA:395,0
DA:396,0
DA:397,0
DA:400,0
DA:402,0
DA:403,0
DA:404,0
DA:406,0
LF:129
LH:53
BRDA:149,1,0,4
BRDA:149,1,1,0
BRDA:184,2,0,0
BRDA:184,2,1,0
BRDA:215,3,0,0
BRDA:215,3,1,0
BRDA:239,4,0,0
BRDA:239,4,1,0
BRDA:268,5,0,0
BRDA:268,5,1,0
BRDA:272,6,0,0
BRDA:272,6,1,0
BRDA:302,7,0,0
BRDA:302,7,1,0
BRDA:304,8,0,0
BRDA:304,8,1,0
BRDA:322,9,0,0
BRDA:322,9,1,0
BRDA:330,10,0,0
BRDA:330,10,1,0
BRDA:345,11,0,0
BRDA:345,11,1,0
BRDA:358,12,0,0
BRDA:358,12,1,0
BRDA:369,13,0,0
BRDA:369,13,1,0
BRF:26
BRH:1
end_of_record
TN:
SF:/home/edgar/workspace/cylon-beaglebone/lib/pwm-pin.js
FN:17,PwmPin
FN:28,(anonymous_2)
FN:31,(anonymous_3)
FN:38,(anonymous_4)
FN:44,(anonymous_5)
FN:48,(anonymous_6)
FN:61,(anonymous_7)
FN:65,(anonymous_8)
FN:77,(anonymous_9)
FN:81,(anonymous_10)
FN:85,(anonymous_11)
FN:93,(anonymous_12)
FN:96,(anonymous_13)
FN:100,(anonymous_14)
FN:111,(anonymous_15)
FN:115,(anonymous_16)
FN:126,(anonymous_17)
FN:138,(anonymous_18)
FN:142,(anonymous_19)
FN:146,(anonymous_20)
FN:150,(anonymous_21)
FNF:21
FNH:1
FNDA:1,PwmPin
FNDA:0,(anonymous_2)
FNDA:0,(anonymous_3)
FNDA:0,(anonymous_4)
FNDA:0,(anonymous_5)
FNDA:0,(anonymous_6)
FNDA:0,(anonymous_7)
FNDA:0,(anonymous_8)
FNDA:0,(anonymous_9)
FNDA:0,(anonymous_10)
FNDA:0,(anonymous_11)
FNDA:0,(anonymous_12)
FNDA:0,(anonymous_13)
FNDA:0,(anonymous_14)
FNDA:0,(anonymous_15)
FNDA:0,(anonymous_16)
FNDA:0,(anonymous_17)
FNDA:0,(anonymous_18)
FNDA:0,(anonymous_19)
FNDA:0,(anonymous_20)
FNDA:0,(anonymous_21)
DA:11,1
DA:13,1
DA:15,1
DA:17,1
DA:18,1
DA:19,1
DA:20,1
DA:21,1
DA:24,1
DA:26,1
DA:28,1
DA:29,0
DA:31,0
DA:32,0
DA:34,0
DA:35,0
DA:37,0
DA:38,0
DA:39,0
DA:44,0
DA:45,0
DA:46,0
DA:48,0
DA:49,0
DA:50,0
DA:51,0
DA:53,0
DA:59,0
DA:60,0
DA:61,0
DA:62,0
DA:65,0
DA:66,0
DA:68,0
DA:69,0
DA:71,0
DA:77,1
DA:78,0
DA:81,1
DA:82,0
DA:85,1
DA:86,0
DA:87,0
DA:89,0
DA:93,1
DA:94,0
DA:96,0
DA:97,0
DA:98,0
DA:100,0
DA:101,0
DA:102,0
DA:104,0
DA:111,1
DA:112,0
DA:115,1
DA:116,0
DA:117,0
DA:118,0
DA:119,0
DA:120,0
DA:123,0
DA:126,1
DA:127,0
DA:128,0
DA:129,0
DA:130,0
DA:131,0
DA:132,0
DA:135,0
DA:138,1
DA:139,0
DA:142,1
DA:143,0
DA:146,1
DA:147,0
DA:150,1
DA:151,0
LF:78
LH:22
BRDA:34,1,0,0
BRDA:34,1,1,0
BRDA:34,2,0,0
BRDA:34,2,1,0
BRDA:34,2,2,0
BRDA:45,3,0,0
BRDA:45,3,1,0
BRDA:49,4,0,0
BRDA:49,4,1,0
BRDA:59,5,0,0
BRDA:59,5,1,0
BRDA:59,6,0,0
BRDA:59,6,1,0
BRDA:68,7,0,0
BRDA:68,7,1,0
BRDA:86,8,0,0
BRDA:86,8,1,0
BRDA:97,9,0,0
BRDA:97,9,1,0
BRDA:101,10,0,0
BRDA:101,10,1,0
BRDA:117,11,0,0
BRDA:117,11,1,0
BRDA:119,12,0,0
BRDA:119,12,1,0
BRDA:128,13,0,0
BRDA:128,13,1,0
BRDA:131,14,0,0
BRDA:131,14,1,0
BRF:29
BRH:0
end_of_record
TN:
SF:/home/edgar/workspace/cylon-beaglebone/lib/pin.js
FN:10,Pin
FN:15,(anonymous_2)
FN:31,(anonymous_3)
FNF:3
FNH:0
FNDA:0,Pin
FNDA:0,(anonymous_2)
FNDA:0,(anonymous_3)
DA:3,1
DA:6,1
DA:8,1
DA:10,1
DA:13,1
DA:15,1
DA:16,0
DA:19,0
DA:20,0
DA:22,0
DA:23,0
DA:24,0
DA:28,0
DA:31,1
DA:32,0
DA:33,0
DA:34,0
DA:35,0
DA:39,0
LF:19
LH:7
BRDA:22,1,0,0
BRDA:22,1,1,0
BRDA:32,2,0,0
BRDA:32,2,1,0
BRDA:34,3,0,0
BRDA:34,3,1,0
BRF:6
BRH:0
end_of_record
TN:
SF:/home/edgar/workspace/cylon-beaglebone/lib/i2c-device.js
FN:16,(anonymous_1)
FN:26,(anonymous_2)
FN:28,(anonymous_3)
FN:30,(anonymous_4)
FN:34,(anonymous_5)
FN:38,(anonymous_6)
FN:42,(anonymous_7)
FNF:7
FNH:1
FNDA:1,(anonymous_1)
FNDA:0,(anonymous_2)
FNDA:0,(anonymous_3)
FNDA:0,(anonymous_4)
FNDA:0,(anonymous_5)
FNDA:0,(anonymous_6)
FNDA:0,(anonymous_7)
DA:11,1
DA:13,1
DA:16,1
DA:17,1
DA:18,1
DA:19,1
DA:24,1
DA:26,1
DA:28,1
DA:30,1
DA:31,0
DA:34,1
DA:35,0
DA:38,1
DA:39,0
DA:42,1
DA:43,0
LF:17
LH:13
BRF:0
BRH:0
end_of_record
TN:
SF:/home/edgar/workspace/cylon-beaglebone/lib/analog-pin.js
FN:19,AnalogPin
FN:26,(anonymous_2)
FN:35,(anonymous_3)
FN:39,(anonymous_4)
FN:43,(anonymous_5)
FN:44,(anonymous_6)
FN:45,(anonymous_7)
FN:59,(anonymous_8)
FN:63,(anonymous_9)
FN:74,(anonymous_10)
FN:85,(anonymous_11)
FNF:11
FNH:0
FNDA:0,AnalogPin
FNDA:0,(anonymous_2)
FNDA:0,(anonymous_3)
FNDA:0,(anonymous_4)
FNDA:0,(anonymous_5)
FNDA:0,(anonymous_6)
FNDA:0,(anonymous_7)
FNDA:0,(anonymous_8)
FNDA:0,(anonymous_9)
FNDA:0,(anonymous_10)
FNDA:0,(anonymous_11)
DA:11,1
DA:13,1
DA:15,1
DA:17,1
DA:19,1
DA:20,0
DA:21,0
DA:24,1
DA:26,1
DA:27,0
DA:28,0
DA:32,0
DA:35,1
DA:36,0
DA:39,1
DA:40,0
DA:43,1
DA:44,0
DA:45,0
DA:46,0
DA:47,0
DA:48,0
DA:50,0
DA:51,0
DA:56,0
DA:59,1
DA:60,0
DA:63,1
DA:64,0
DA:65,0
DA:66,0
DA:67,0
DA:68,0
DA:71,0
DA:74,1
DA:75,0
DA:76,0
DA:77,0
DA:78,0
DA:79,0
DA:82,0
DA:85,1
DA:86,0
DA:87,0
DA:89,0
LF:45
LH:14
BRDA:46,1,0,0
BRDA:46,1,1,0
BRDA:65,2,0,0
BRDA:65,2,1,0
BRDA:67,3,0,0
BRDA:67,3,1,0
BRDA:76,4,0,0
BRDA:76,4,1,0
BRDA:78,5,0,0
BRDA:78,5,1,0
BRDA:86,6,0,0
BRDA:86,6,1,0
BRF:12
BRH:0
end_of_record
TN:
SF:/home/edgar/workspace/cylon-beaglebone/spec/lib/beaglebone.spec.js
FN:5,(anonymous_1)
FN:8,(anonymous_2)
FN:12,(anonymous_3)
FN:13,(anonymous_4)
FN:17,(anonymous_5)
FN:21,(anonymous_6)
FN:25,(anonymous_7)
FN:29,(anonymous_8)
FN:36,(anonymous_9)
FN:37,(anonymous_10)
FN:47,(anonymous_11)
FN:63,(anonymous_12)
FN:64,(anonymous_13)
FN:73,(anonymous_14)
FN:76,(anonymous_15)
FN:85,(anonymous_16)
FN:89,(anonymous_17)
FN:93,(anonymous_18)
FN:98,(anonymous_19)
FN:99,(anonymous_20)
FN:106,(anonymous_21)
FN:109,(anonymous_22)
FN:126,(anonymous_23)
FN:131,(anonymous_24)
FN:136,(anonymous_25)
FN:140,(anonymous_26)
FN:144,(anonymous_27)
FNF:27
FNH:27
FNDA:1,(anonymous_1)
FNDA:16,(anonymous_2)
FNDA:1,(anonymous_3)
FNDA:1,(anonymous_4)
FNDA:1,(anonymous_5)
FNDA:1,(anonymous_6)
FNDA:1,(anonymous_7)
FNDA:1,(anonymous_8)
FNDA:1,(anonymous_9)
FNDA:1,(anonymous_10)
FNDA:1,(anonymous_11)
FNDA:1,(anonymous_12)
FNDA:1,(anonymous_13)
FNDA:1,(anonymous_14)
FNDA:3,(anonymous_15)
FNDA:1,(anonymous_16)
FNDA:1,(anonymous_17)
FNDA:1,(anonymous_18)
FNDA:1,(anonymous_19)
FNDA:1,(anonymous_20)
FNDA:1,(anonymous_21)
FNDA:4,(anonymous_22)
FNDA:4,(anonymous_23)
FNDA:1,(anonymous_24)
FNDA:1,(anonymous_25)
FNDA:1,(anonymous_26)
FNDA:1,(anonymous_27)
DA:3,1
DA:5,1
DA:6,1
DA:8,1
DA:9,16
DA:12,1
DA:13,1
DA:14,1
DA:17,1
DA:18,1
DA:21,1
DA:22,1
DA:25,1
DA:26,1
DA:29,1
DA:30,1
DA:32,1
DA:36,1
DA:37,1
DA:38,1
DA:40,1
DA:42,1
DA:43,9
DA:47,1
DA:48,1
DA:53,1
DA:54,1
DA:56,1
DA:57,9
DA:58,9
DA:63,1
DA:64,1
DA:65,1
DA:67,1
DA:69,1
DA:73,1
DA:74,1
DA:76,1
DA:77,3
DA:79,3
DA:80,3
DA:82,3
DA:85,1
DA:86,1
DA:89,1
DA:90,1
DA:93,1
DA:94,1
DA:98,1
DA:99,1
DA:100,1
DA:101,1
DA:102,1
DA:106,1
DA:107,1
DA:109,1
DA:110,4
DA:116,4
DA:118,4
DA:119,4
DA:121,4
DA:123,4
DA:126,1
DA:127,4
DA:128,4
DA:131,1
DA:132,1
DA:136,1
DA:137,1
DA:140,1
DA:141,1
DA:144,1
DA:145,1
LF:73
LH:73
BRF:0
BRH:0
end_of_record
TN:
SF:/home/edgar/workspace/cylon-beaglebone/spec/lib/pwm-pin.spec.js
FN:5,(anonymous_1)
FNF:1
FNH:1
FNDA:1,(anonymous_1)
DA:3,1
DA:5,1
DA:6,1
DA:8,1
LF:4
LH:4
BRF:0
BRH:0
end_of_record
TN:
SF:/home/edgar/workspace/cylon-beaglebone/spec/lib/i2c-device.spec.js
FN:5,(anonymous_1)
FNF:1
FNH:1
FNDA:1,(anonymous_1)
DA:3,1
DA:5,1
DA:6,1
DA:8,1
LF:4
LH:4
BRF:0
BRH:0
end_of_record
